<?xml version="1.0" encoding="UTF-8"?>
<!-- Generated by org.testng.reporters.JUnitReportReporter -->
<testsuite hostname="IXLAPAD048" failures="0" tests="1" name="web_automation.Test.LoginTest" time="2.984" errors="0" timestamp="2025-09-24T15:18:21 IST" skipped="0">
  <testcase classname="web_automation.Test.LoginTest" name="sampleTest" time="2.984"/>
</testsuite> <!-- web_automation.Test.LoginTest -->
